<?xml version="1.0" encoding="UTF-8"?>
<!-- Generated by org.testng.reporters.JUnitXMLReporter -->
<testsuite ignored="0" hostname="MSI" failures="0" tests="4" name="TestCase" time="23.259" errors="0" timestamp="2022-12-02T16:01:13 IST">
  <testcase classname="TestClasses.LoginPageTest" name="loginToSwagLabsTest" time="3.979"/>
  <testcase classname="TestClasses.LoginPageTest" name="validateLoginPageTitleTest" time="0.016"/>
  <testcase classname="TestClasses.LoginPageTest" name="validateLogoTest" time="0.153"/>
  <testcase classname="TestClasses.ExtentReport" name="initial" time="6.55"/>
</testsuite> <!-- TestCase -->
